<?xml version="1.0" encoding="UTF-8"?>
<!-- Generated by org.testng.reporters.JUnitReportReporter -->
<testsuite hostname="Tushar" failures="0" tests="1" name="tests.Contact_Test" time="24.541" errors="0" timestamp="2024-12-09T11:41:13 BDT" skipped="0">
  <testcase classname="tests.Contact_Test" name="Contact_Test" time="24.541"/>
  <system-out/>
</testsuite> <!-- tests.Contact_Test -->
