<?xml version="1.0" encoding="UTF-8"?>
<!-- Generated by org.testng.reporters.JUnitReportReporter -->
<testsuite hostname="Tushar" failures="0" tests="1" name="tests.SignUpTest" time="2.344" errors="0" timestamp="2024-12-07T09:28:55 BDT" skipped="0">
  <testcase classname="tests.SignUpTest" name="SignUpTest" time="2.344"/>
  <system-out/>
</testsuite> <!-- tests.SignUpTest -->
