<?xml version="1.0" encoding="UTF-8"?>
<!-- Generated by org.testng.reporters.JUnitReportReporter -->
<testsuite hostname="Tushar" failures="0" tests="1" name="tests.Personal_Info_Test" time="35.704" errors="0" timestamp="2024-12-09T11:41:13 BDT" skipped="0">
  <testcase classname="tests.Personal_Info_Test" name="Personal_Info_Test" time="35.704"/>
  <system-out/>
</testsuite> <!-- tests.Personal_Info_Test -->
